# JRE version: OpenJDK Runtime Environment (11.0.4+11) (build 11.0.4+11)
# Java VM: OpenJDK 64-Bit Server VM (11.0.4+11, mixed mode, tiered, compressed oops, g1 gc, linux-amd64)
Heap:
 garbage-first heap   total 553984K, used 125606K [0x00000000c0000000, 0x0000000100000000)
  region size 1024K, 6 young (6144K), 6 survivors (6144K)
 Metaspace       used 87662K, capacity 91592K, committed 92416K, reserved 1132544K
  class space    used 8114K, capacity 9533K, committed 9728K, reserved 1048576K
GC Heap History (10 events):
Event: 2712.328 GC heap after
{Heap after GC invocations=876 (full 0):
 garbage-first heap   total 244736K, used 127590K [0x00000000c0000000, 0x0000000100000000)
  region size 1024K, 9 young (9216K), 9 survivors (9216K)
 Metaspace       used 87654K, capacity 91592K, committed 92416K, reserved 1132544K
  class space    used 8114K, capacity 9533K, committed 9728K, reserved 1048576K
}
Event: 2712.834 GC heap before
{Heap before GC invocations=877 (full 0):
 garbage-first heap   total 244736K, used 188006K [0x00000000c0000000, 0x0000000100000000)
  region size 1024K, 68 young (69632K), 9 survivors (9216K)
 Metaspace       used 87654K, capacity 91592K, committed 92416K, reserved 1132544K
  class space    used 8114K, capacity 9533K, committed 9728K, reserved 1048576K
}
Event: 2712.843 GC heap after
{Heap after GC invocations=878 (full 0):
 garbage-first heap   total 244736K, used 121347K [0x00000000c0000000, 0x0000000100000000)
  region size 1024K, 3 young (3072K), 3 survivors (3072K)
 Metaspace       used 87654K, capacity 91592K, committed 92416K, reserved 1132544K
  class space    used 8114K, capacity 9533K, committed 9728K, reserved 1048576K
}
Event: 2712.865 GC heap before
{Heap before GC invocations=878 (full 0):
 garbage-first heap   total 244736K, used 129539K [0x00000000c0000000, 0x0000000100000000)
  region size 1024K, 11 young (11264K), 3 survivors (3072K)
 Metaspace       used 87654K, capacity 91592K, committed 92416K, reserved 1132544K
  class space    used 8114K, capacity 9533K, committed 9728K, reserved 1048576K
}
Event: 2712.870 GC heap after
{Heap after GC invocations=879 (full 0):
 garbage-first heap   total 244736K, used 119941K [0x00000000c0000000, 0x0000000100000000)
  region size 1024K, 1 young (1024K), 1 survivors (1024K)
 Metaspace       used 87654K, capacity 91592K, committed 92416K, reserved 1132544K
  class space    used 8114K, capacity 9533K, committed 9728K, reserved 1048576K
}
Event: 2714.857 GC heap before
{Heap before GC invocations=879 (full 0):
 garbage-first heap   total 244736K, used 187525K [0x00000000c0000000, 0x0000000100000000)
  region size 1024K, 68 young (69632K), 1 survivors (1024K)
 Metaspace       used 87659K, capacity 91592K, committed 92416K, reserved 1132544K
  class space    used 8114K, capacity 9533K, committed 9728K, reserved 1048576K
}
Event: 2714.879 GC heap after
{Heap after GC invocations=880 (full 0):
 garbage-first heap   total 244736K, used 120478K [0x00000000c0000000, 0x0000000100000000)
  region size 1024K, 2 young (2048K), 2 survivors (2048K)
 Metaspace       used 87659K, capacity 91592K, committed 92416K, reserved 1132544K
  class space    used 8114K, capacity 9533K, committed 9728K, reserved 1048576K
}
Event: 2715.071 GC heap before
{Heap before GC invocations=880 (full 0):
 garbage-first heap   total 244736K, used 195230K [0x00000000c0000000, 0x0000000100000000)
  region size 1024K, 76 young (77824K), 2 survivors (2048K)
 Metaspace       used 87659K, capacity 91592K, committed 92416K, reserved 1132544K
  class space    used 8114K, capacity 9533K, committed 9728K, reserved 1048576K
}
Event: 2715.094 GC heap after
{Heap after GC invocations=881 (full 0):
 garbage-first heap   total 244736K, used 124884K [0x00000000c0000000, 0x0000000100000000)
  region size 1024K, 6 young (6144K), 6 survivors (6144K)
 Metaspace       used 87659K, capacity 91592K, committed 92416K, reserved 1132544K
  class space    used 8114K, capacity 9533K, committed 9728K, reserved 1048576K
}
Event: 2717.432 GC heap before
{Heap before GC invocations=882 (full 0):
 garbage-first heap   total 244736K, used 196564K [0x00000000c0000000, 0x0000000100000000)
  region size 1024K, 76 young (77824K), 6 survivors (6144K)
 Metaspace       used 87662K, capacity 91592K, committed 92416K, reserved 1132544K
  class space    used 8114K, capacity 9533K, committed 9728K, reserved 1048576K
}

